<?xml version="1.0" encoding="UTF-8"?>
<testng-results total="1" passed="1" failed="0" skipped="0">
  <reporter-output>
  </reporter-output>
  <suite started-at="2024-06-10T03:53:50Z" name="Default suite" finished-at="2024-06-10T03:54:03Z" duration-ms="12521">
    <groups>
    </groups>
    <test started-at="2024-06-10T03:53:50Z" name="Default test" finished-at="2024-06-10T03:54:03Z" duration-ms="12521">
      <class name="businessComponents.GoogleFlights">
        <test-method is-config="true" signature="setup()[pri:0, instance:businessComponents.GoogleFlights@6d167f58]" started-at="2024-06-09T20:53:50Z" name="setup" finished-at="2024-06-09T20:53:57Z" duration-ms="7046" status="PASS">
          <reporter-output>
          </reporter-output>
        </test-method> <!-- setup -->
        <test-method signature="windowHandle()[pri:0, instance:businessComponents.GoogleFlights@6d167f58]" started-at="2024-06-09T20:53:57Z" name="windowHandle" finished-at="2024-06-09T20:54:02Z" duration-ms="4995" status="PASS">
          <reporter-output>
          </reporter-output>
        </test-method> <!-- windowHandle -->
        <test-method is-config="true" signature="teardown()[pri:0, instance:businessComponents.GoogleFlights@6d167f58]" started-at="2024-06-09T20:54:02Z" name="teardown" finished-at="2024-06-09T20:54:03Z" duration-ms="448" status="PASS">
          <reporter-output>
          </reporter-output>
        </test-method> <!-- teardown -->
      </class> <!-- businessComponents.GoogleFlights -->
    </test> <!-- Default test -->
  </suite> <!-- Default suite -->
</testng-results>
